<?xml version="1.0" encoding="UTF-8"?>
<coverage generated="1661993068952" clover="3.2.0">
  <project timestamp="1661993068952" name="All files">
    <metrics statements="20" coveredstatements="16" conditionals="2" coveredconditionals="1" methods="4" coveredmethods="3" elements="26" coveredelements="20" complexity="0" loc="20" ncloc="20" packages="1" files="1" classes="1"/>
    <file name="AuthContext.js" path="/home/malazay/dev/projects/next_modules/auth_context/src/AuthContext.js">
      <metrics statements="20" coveredstatements="16" conditionals="2" coveredconditionals="1" methods="4" coveredmethods="3"/>
      <line num="8" count="1" type="stmt"/>
      <line num="10" count="1" type="stmt"/>
      <line num="11" count="1" type="stmt"/>
      <line num="13" count="1" type="stmt"/>
      <line num="14" count="3" type="stmt"/>
      <line num="16" count="3" type="stmt"/>
      <line num="17" count="1" type="stmt"/>
      <line num="23" count="1" type="stmt"/>
      <line num="25" count="1" type="stmt"/>
      <line num="26" count="1" type="stmt"/>
      <line num="29" count="3" type="stmt"/>
      <line num="30" count="0" type="stmt"/>
      <line num="31" count="0" type="stmt"/>
      <line num="32" count="0" type="stmt"/>
      <line num="35" count="3" type="stmt"/>
      <line num="48" count="1" type="stmt"/>
      <line num="49" count="3" type="stmt"/>
      <line num="50" count="3" type="cond" truecount="1" falsecount="1"/>
      <line num="51" count="0" type="stmt"/>
      <line num="53" count="3" type="stmt"/>
    </file>
  </project>
</coverage>
