{"/home/malazay/dev/projects/next_modules/auth_context/src/AuthContext.js": {"path":"/home/malazay/dev/projects/next_modules/auth_context/src/AuthContext.js","statementMap":{"0":{"start":{"line":8,"column":18},"end":{"line":8,"column":38}},"1":{"start":{"line":10,"column":22},"end":{"line":10,"column":39}},"2":{"start":{"line":11,"column":2},"end":{"line":11,"column":42}},"3":{"start":{"line":13,"column":30},"end":{"line":46,"column":3}},"4":{"start":{"line":14,"column":30},"end":{"line":14,"column":60}},"5":{"start":{"line":16,"column":18},"end":{"line":27,"column":5}},"6":{"start":{"line":17,"column":6},"end":{"line":21,"column":8}},"7":{"start":{"line":23,"column":24},"end":{"line":23,"column":35}},"8":{"start":{"line":25,"column":6},"end":{"line":25,"column":38}},"9":{"start":{"line":26,"column":6},"end":{"line":26,"column":26}},"10":{"start":{"line":29,"column":19},"end":{"line":33,"column":5}},"11":{"start":{"line":30,"column":6},"end":{"line":30,"column":33}},"12":{"start":{"line":31,"column":6},"end":{"line":31,"column":30}},"13":{"start":{"line":32,"column":6},"end":{"line":32,"column":26}},"14":{"start":{"line":35,"column":4},"end":{"line":45,"column":6}},"15":{"start":{"line":48,"column":32},"end":{"line":54,"column":3}},"16":{"start":{"line":49,"column":20},"end":{"line":49,"column":43}},"17":{"start":{"line":50,"column":4},"end":{"line":51,"column":73}},"18":{"start":{"line":51,"column":6},"end":{"line":51,"column":73}},"19":{"start":{"line":53,"column":4},"end":{"line":53,"column":19}}},"fnMap":{"0":{"name":"(anonymous_0)","decl":{"start":{"line":13,"column":30},"end":{"line":13,"column":31}},"loc":{"start":{"line":13,"column":48},"end":{"line":46,"column":3}},"line":13},"1":{"name":"(anonymous_1)","decl":{"start":{"line":16,"column":18},"end":{"line":16,"column":19}},"loc":{"start":{"line":16,"column":48},"end":{"line":27,"column":5}},"line":16},"2":{"name":"(anonymous_2)","decl":{"start":{"line":29,"column":19},"end":{"line":29,"column":20}},"loc":{"start":{"line":29,"column":25},"end":{"line":33,"column":5}},"line":29},"3":{"name":"(anonymous_3)","decl":{"start":{"line":48,"column":32},"end":{"line":48,"column":33}},"loc":{"start":{"line":48,"column":38},"end":{"line":54,"column":3}},"line":48}},"branchMap":{"0":{"loc":{"start":{"line":50,"column":4},"end":{"line":51,"column":73}},"type":"if","locations":[{"start":{"line":50,"column":4},"end":{"line":51,"column":73}},{"start":{},"end":{}}],"line":50}},"s":{"0":1,"1":1,"2":1,"3":1,"4":3,"5":3,"6":1,"7":1,"8":1,"9":1,"10":3,"11":0,"12":0,"13":0,"14":3,"15":1,"16":3,"17":3,"18":0,"19":3},"f":{"0":3,"1":1,"2":0,"3":3},"b":{"0":[0,3]},"_coverageSchema":"1a1c01bbd47fc00a2c39e90264f33305004495a9","hash":"8d7e588a59ef342b6c73882b3c5d1cd19300f9e3"}
}
